"H:/GameDev/LD49/UnstMems/Content/Mats/MPC_GlowHue.uasset" 0
"H:/GameDev/LD49/UnstMems/Content/Mats/MPC_GlowHue.uexp" 1
"H:/GameDev/LD49/UnstMems/Content/Effects/RT_Manifests.uasset" 2
"H:/GameDev/LD49/UnstMems/Content/Effects/RT_Manifests.uexp" 3
"H:/GameDev/LD49/UnstMems/Content/Mats/M_Manifests.uasset" 4
"H:/GameDev/LD49/UnstMems/Content/Mats/M_Manifests.uexp" 5
"H:/GameDev/LD49/UnstMems/Content/Textures/Noise.uasset" 6
"H:/GameDev/LD49/UnstMems/Content/Textures/Noise.uexp" 7
"H:/GameDev/LD49/UnstMems/Content/Textures/Noise.ubulk" 8
"H:/GameDev/LD49/UnstMems/Content/Mats/M_Noise.uasset" 9
"H:/GameDev/LD49/UnstMems/Content/Mats/M_Noise.uexp" 10
"H:/GameDev/LD49/UnstMems/Content/Mats/Inst_NoiseWall.uasset" 11
"H:/GameDev/LD49/UnstMems/Content/Mats/Inst_NoiseWall.uexp" 12
"H:/GameDev/LD49/UnstMems/Content/Mats/M_MainMaterial.uasset" 13
"H:/GameDev/LD49/UnstMems/Content/Mats/M_MainMaterial.uexp" 14
"H:/GameDev/LD49/UnstMems/Content/Mats/Inst_CopperOld.uasset" 15
"H:/GameDev/LD49/UnstMems/Content/Mats/Inst_CopperOld.uexp" 16
"H:/GameDev/LD49/UnstMems/Content/Sounds/SFX_Click.uasset" 17
"H:/GameDev/LD49/UnstMems/Content/Sounds/SFX_Click.uexp" 18
"H:/GameDev/LD49/UnstMems/Content/Sounds/AMB_Rev.uasset" 19
"H:/GameDev/LD49/UnstMems/Content/Sounds/AMB_Rev.uexp" 20
"H:/GameDev/LD49/UnstMems/Content/Sounds/AMB_Rev_Cue.uasset" 21
"H:/GameDev/LD49/UnstMems/Content/Sounds/AMB_Rev_Cue.uexp" 22
"H:/GameDev/LD49/UnstMems/Content/Effects/BP_CameraShake.uasset" 23
"H:/GameDev/LD49/UnstMems/Content/Effects/BP_CameraShake.uexp" 24
"H:/GameDev/LD49/UnstMems/Content/Actors/BP_Interactables.uasset" 25
"H:/GameDev/LD49/UnstMems/Content/Actors/BP_Interactables.uexp" 26
"H:/GameDev/LD49/UnstMems/Content/Actors/BP_Interactables_Manifest.uasset" 27
"H:/GameDev/LD49/UnstMems/Content/Actors/BP_Interactables_Manifest.uexp" 28
"../../../Engine/Content/Functions/Engine_MaterialFunctions02/Utility/MakeFloat3.uasset" 29
"../../../Engine/Content/Functions/Engine_MaterialFunctions02/Utility/MakeFloat3.uexp" 30
"../../../Engine/Content/Functions/Engine_MaterialFunctions02/Utility/MakeFloat2.uasset" 31
"../../../Engine/Content/Functions/Engine_MaterialFunctions02/Utility/MakeFloat2.uexp" 32
"../../../Engine/Content/Functions/Engine_MaterialFunctions02/Utility/BreakOutFloat2Components.uasset" 33
"../../../Engine/Content/Functions/Engine_MaterialFunctions02/Utility/BreakOutFloat2Components.uexp" 34
"../../../Engine/Content/Functions/Engine_MaterialFunctions02/HueShift.uasset" 35
"../../../Engine/Content/Functions/Engine_MaterialFunctions02/HueShift.uexp" 36
"H:/GameDev/LD49/UnstMems/Content/Mats/M_OrbGlow.uasset" 37
"H:/GameDev/LD49/UnstMems/Content/Mats/M_OrbGlow.uexp" 38
"H:/GameDev/LD49/UnstMems/Content/Mats/M_OrbGlow_Inst.uasset" 39
"H:/GameDev/LD49/UnstMems/Content/Mats/M_OrbGlow_Inst.uexp" 40
"H:/GameDev/LD49/UnstMems/Content/Meshes/SM_ORB.uasset" 41
"H:/GameDev/LD49/UnstMems/Content/Meshes/SM_ORB.uexp" 42
"H:/GameDev/LD49/UnstMems/Content/Meshes/SM_ORBUV_extra.uasset" 43
"H:/GameDev/LD49/UnstMems/Content/Meshes/SM_ORBUV_extra.uexp" 44
"H:/GameDev/LD49/UnstMems/Content/Textures/T_Empty_PB.uasset" 45
"H:/GameDev/LD49/UnstMems/Content/Textures/T_Empty_PB.uexp" 46
"H:/GameDev/LD49/UnstMems/Content/Textures/MainMenu/T_Disabled.uasset" 47
"H:/GameDev/LD49/UnstMems/Content/Textures/MainMenu/T_Disabled.uexp" 48
"../../../Engine/Content/EngineMaterials/T_Default_Material_Grid_N.uasset" 49
"../../../Engine/Content/EngineMaterials/T_Default_Material_Grid_N.uexp" 50
"../../../Engine/Content/EngineMaterials/T_Default_Material_Grid_N.ubulk" 51
"../../../Engine/Content/EngineMaterials/T_Default_Material_Grid_M.uasset" 52
"../../../Engine/Content/EngineMaterials/T_Default_Material_Grid_M.uexp" 53
"../../../Engine/Content/EngineMaterials/T_Default_Material_Grid_M.ubulk" 54
"../../../Engine/Content/Functions/Engine_MaterialFunctions01/Opacity/CameraDepthFade.uasset" 55
"../../../Engine/Content/Functions/Engine_MaterialFunctions01/Opacity/CameraDepthFade.uexp" 56
"../../../Engine/Content/EngineMaterials/WorldGridMaterial.uasset" 57
"../../../Engine/Content/EngineMaterials/WorldGridMaterial.uexp" 58
"../../../Engine/Content/ArtTools/RenderToTexture/Meshes/S_1_Unit_Plane.uasset" 59
"../../../Engine/Content/ArtTools/RenderToTexture/Meshes/S_1_Unit_Plane.uexp" 60
"../../../Engine/Content/EngineMaterials/DefaultMaterial.uasset" 61
"../../../Engine/Content/EngineMaterials/DefaultMaterial.uexp" 62
"../../../Engine/Content/BasicShapes/Cone.uasset" 63
"../../../Engine/Content/BasicShapes/Cone.uexp" 64
"../../../Engine/Content/BasicShapes/Cube.uasset" 65
"../../../Engine/Content/BasicShapes/Cube.uexp" 66
"../../../Engine/Content/BasicShapes/Plane.uasset" 67
"../../../Engine/Content/BasicShapes/Plane.uexp" 68
"../../../Engine/Content/BasicShapes/Sphere.uasset" 69
"../../../Engine/Content/BasicShapes/Sphere.uexp" 70
"../../../Engine/Content/EditorLandscapeResources/DataLayer.uasset" 71
"../../../Engine/Content/EditorLandscapeResources/DataLayer.uexp" 72
"../../../Engine/Content/EditorLandscapeResources/DefaultAlphaTexture.uasset" 73
"../../../Engine/Content/EditorLandscapeResources/DefaultAlphaTexture.uexp" 74
"../../../Engine/Content/EditorMaterials/MAT_Groups_Toggle.uasset" 75
"../../../Engine/Content/EditorMaterials/MAT_Groups_Toggle.uexp" 76
"../../../Engine/Content/EditorMaterials/MAT_Groups_Visibility.uasset" 77
"../../../Engine/Content/EditorMaterials/MAT_Groups_Visibility.uexp" 78
"../../../Engine/Content/EditorMaterials/PreviewShadowIndicator.uasset" 79
"../../../Engine/Content/EditorMaterials/PreviewShadowIndicator.uexp" 80
"../../../Engine/Content/EditorMaterials/PreviewShadowIndicator.ubulk" 81
"../../../Engine/Content/EditorMaterials/PreviewShadowIndicatorMaterial.uasset" 82
"../../../Engine/Content/EditorMaterials/PreviewShadowIndicatorMaterial.uexp" 83
"../../../Engine/Content/EditorMaterials/MatineeGroups/MAT_ColorTrack.uasset" 84
"../../../Engine/Content/EditorMaterials/MatineeGroups/MAT_ColorTrack.uexp" 85
"../../../Engine/Content/EditorMaterials/MatineeGroups/MAT_Groups_Anim.uasset" 86
"../../../Engine/Content/EditorMaterials/MatineeGroups/MAT_Groups_Anim.uexp" 87
"../../../Engine/Content/EditorMaterials/MatineeGroups/MAT_Groups_AudioMaster.uasset" 88
"../../../Engine/Content/EditorMaterials/MatineeGroups/MAT_Groups_AudioMaster.uexp" 89
"../../../Engine/Content/EditorMaterials/MatineeGroups/MAT_Groups_Director.uasset" 90
"../../../Engine/Content/EditorMaterials/MatineeGroups/MAT_Groups_Director.uexp" 91
"../../../Engine/Content/EditorMaterials/MatineeGroups/MAT_Groups_Event.uasset" 92
"../../../Engine/Content/EditorMaterials/MatineeGroups/MAT_Groups_Event.uexp" 93
"../../../Engine/Content/EditorMaterials/MatineeGroups/MAT_Groups_Fade.uasset" 94
"../../../Engine/Content/EditorMaterials/MatineeGroups/MAT_Groups_Fade.uexp" 95
"../../../Engine/Content/EditorMaterials/MatineeGroups/MAT_Groups_Float.uasset" 96
"../../../Engine/Content/EditorMaterials/MatineeGroups/MAT_Groups_Float.uexp" 97
"../../../Engine/Content/EditorMaterials/MatineeGroups/MAT_Groups_Move.uasset" 98
"../../../Engine/Content/EditorMaterials/MatineeGroups/MAT_Groups_Move.uexp" 99
"../../../Engine/Content/EditorMaterials/MatineeGroups/MAT_Groups_Slomo.uasset" 100
"../../../Engine/Content/EditorMaterials/MatineeGroups/MAT_Groups_Slomo.uexp" 101
"../../../Engine/Content/EditorMaterials/MatineeGroups/MAT_Groups_Sound.uasset" 102
"../../../Engine/Content/EditorMaterials/MatineeGroups/MAT_Groups_Sound.uexp" 103
"../../../Engine/Content/EditorMaterials/MatineeGroups/MAT_Groups_Vector.uasset" 104
"../../../Engine/Content/EditorMaterials/MatineeGroups/MAT_Groups_Vector.uexp" 105
"../../../Engine/Content/EditorMaterials/ParticleSystems/PSysThumbnail_NoImage.uasset" 106
"../../../Engine/Content/EditorMaterials/ParticleSystems/PSysThumbnail_NoImage.uexp" 107
"../../../Engine/Content/EditorMaterials/ParticleSystems/PSysThumbnail_NoImage.ubulk" 108
"../../../Engine/Content/EditorMaterials/ParticleSystems/PSysThumbnail_OOD.uasset" 109
"../../../Engine/Content/EditorMaterials/ParticleSystems/PSysThumbnail_OOD.uexp" 110
"../../../Engine/Content/EditorMaterials/ParticleSystems/PSysThumbnail_OOD.ubulk" 111
"../../../Engine/Content/EditorMaterials/Camera/CineMat.uasset" 112
"../../../Engine/Content/EditorMaterials/Camera/CineMat.uexp" 113
"../../../Engine/Content/EditorMaterials/Camera/MI_CineMat_Rig.uasset" 114
"../../../Engine/Content/EditorMaterials/Camera/MI_CineMat_Rig.uexp" 115
"../../../Engine/Content/EditorMeshes/Camera/SM_CraneRig_Arm.uasset" 116
"../../../Engine/Content/EditorMeshes/Camera/SM_CraneRig_Arm.uexp" 117
"../../../Engine/Content/EditorMeshes/Camera/SM_CraneRig_Base.uasset" 118
"../../../Engine/Content/EditorMeshes/Camera/SM_CraneRig_Base.uexp" 119
"../../../Engine/Content/EditorMeshes/Camera/SM_CraneRig_Body.uasset" 120
"../../../Engine/Content/EditorMeshes/Camera/SM_CraneRig_Body.uexp" 121
"../../../Engine/Content/EditorMeshes/Camera/SM_CraneRig_Mount.uasset" 122
"../../../Engine/Content/EditorMeshes/Camera/SM_CraneRig_Mount.uexp" 123
"../../../Engine/Content/EditorMeshes/Camera/SM_RailRig_Mount.uasset" 124
"../../../Engine/Content/EditorMeshes/Camera/SM_RailRig_Mount.uexp" 125
"../../../Engine/Content/EditorMeshes/Camera/SM_RailRig_Track.uasset" 126
"../../../Engine/Content/EditorMeshes/Camera/SM_RailRig_Track.uexp" 127
"../../../Engine/Content/EditorResources/BSPVertex.uasset" 128
"../../../Engine/Content/EditorResources/BSPVertex.uexp" 129
"../../../Engine/Content/EditorResources/EmptyActor.uasset" 130
"../../../Engine/Content/EditorResources/EmptyActor.uexp" 131
"../../../Engine/Content/EditorResources/S_Actor.uasset" 132
"../../../Engine/Content/EditorResources/S_Actor.uexp" 133
"../../../Engine/Content/EditorResources/S_Actor.ubulk" 134
"../../../Engine/Content/EditorResources/S_Note.uasset" 135
"../../../Engine/Content/EditorResources/S_Note.uexp" 136
"../../../Engine/Content/EditorResources/S_Note.ubulk" 137
"../../../Engine/Content/EditorResources/S_Solver.uasset" 138
"../../../Engine/Content/EditorResources/S_Solver.uexp" 139
"../../../Engine/Content/EditorResources/S_Solver.ubulk" 140
"../../../Engine/Content/EditorResources/S_Terrain.uasset" 141
"../../../Engine/Content/EditorResources/S_Terrain.uexp" 142
"../../../Engine/Content/EditorResources/S_Terrain.ubulk" 143
"../../../Engine/Content/EditorResources/S_Trigger.uasset" 144
"../../../Engine/Content/EditorResources/S_Trigger.uexp" 145
"../../../Engine/Content/EditorResources/S_Trigger.ubulk" 146
"../../../Engine/Content/EditorResources/LightIcons/S_LightError.uasset" 147
"../../../Engine/Content/EditorResources/LightIcons/S_LightError.uexp" 148
"../../../Engine/Content/EditorResources/SequenceRecorder/Countdown.uasset" 149
"../../../Engine/Content/EditorResources/SequenceRecorder/Countdown.uexp" 150
"../../../Engine/Content/EditorResources/SequenceRecorder/RecordingIndicator.uasset" 151
"../../../Engine/Content/EditorResources/SequenceRecorder/RecordingIndicator.uexp" 152
"../../../Engine/Content/EngineDamageTypes/DmgTypeBP_Environmental.uasset" 153
"../../../Engine/Content/EngineDamageTypes/DmgTypeBP_Environmental.uexp" 154
"../../../Engine/Content/EngineDebugMaterials/DebugEditorMaterial.uasset" 155
"../../../Engine/Content/EngineDebugMaterials/DebugEditorMaterial.uexp" 156
"../../../Engine/Content/EngineDebugMaterials/DebugMeshMaterial.uasset" 157
"../../../Engine/Content/EngineDebugMaterials/DebugMeshMaterial.uexp" 158
"../../../Engine/Content/EngineDebugMaterials/M_SimpleUnlitTranslucent.uasset" 159
"../../../Engine/Content/EngineDebugMaterials/M_SimpleUnlitTranslucent.uexp" 160
"../../../Engine/Content/EngineDebugMaterials/VolumeToRender.uasset" 161
"../../../Engine/Content/EngineDebugMaterials/VolumeToRender.uexp" 162
"../../../Engine/Content/Functions/Engine_MaterialFunctions02/Utility/CameraDirectionVector.uasset" 163
"../../../Engine/Content/Functions/Engine_MaterialFunctions02/Utility/CameraDirectionVector.uexp" 164
"../../../Engine/Content/EngineDebugMaterials/M_VolumeRenderSphereTracePP.uasset" 165
"../../../Engine/Content/EngineDebugMaterials/M_VolumeRenderSphereTracePP.uexp" 166
"../../../Engine/Content/Functions/Engine_MaterialFunctions01/Shading/ConvertFromDiffSpec.uasset" 167
"../../../Engine/Content/Functions/Engine_MaterialFunctions01/Shading/ConvertFromDiffSpec.uexp" 168
"../../../Engine/Content/EngineDebugMaterials/VertexColorMaterial.uasset" 169
"../../../Engine/Content/EngineDebugMaterials/VertexColorMaterial.uexp" 170
"../../../Engine/Content/EngineDebugMaterials/WireframeMaterial.uasset" 171
"../../../Engine/Content/EngineDebugMaterials/WireframeMaterial.uexp" 172
"../../../Engine/Content/EngineFonts/Faces/RobotoRegular.uasset" 173
"../../../Engine/Content/EngineFonts/Faces/RobotoRegular.uexp" 174
"../../../Engine/Content/EngineFonts/Faces/RobotoRegular.ufont" 175
"../../../Engine/Content/EngineFonts/Faces/RobotoLight.uasset" 176
"../../../Engine/Content/EngineFonts/Faces/RobotoLight.uexp" 177
"../../../Engine/Content/EngineFonts/Faces/RobotoLight.ufont" 178
"../../../Engine/Content/EngineFonts/Faces/RobotoItalic.uasset" 179
"../../../Engine/Content/EngineFonts/Faces/RobotoItalic.uexp" 180
"../../../Engine/Content/EngineFonts/Faces/RobotoItalic.ufont" 181
"../../../Engine/Content/EngineFonts/Faces/RobotoBoldItalic.uasset" 182
"../../../Engine/Content/EngineFonts/Faces/RobotoBoldItalic.uexp" 183
"../../../Engine/Content/EngineFonts/Faces/RobotoBoldItalic.ufont" 184
"../../../Engine/Content/EngineFonts/Faces/RobotoBold.uasset" 185
"../../../Engine/Content/EngineFonts/Faces/RobotoBold.uexp" 186
"../../../Engine/Content/EngineFonts/Faces/RobotoBold.ufont" 187
"../../../Engine/Content/EngineFonts/Faces/DroidSansFallback.uasset" 188
"../../../Engine/Content/EngineFonts/Faces/DroidSansFallback.uexp" 189
"../../../Engine/Content/EngineFonts/Faces/DroidSansFallback.ufont" 190
"../../../Engine/Content/EngineFonts/Roboto.uasset" 191
"../../../Engine/Content/EngineFonts/Roboto.uexp" 192
"../../../Engine/Content/EngineMaterials/BaseFlattenNormalMap.uasset" 193
"../../../Engine/Content/EngineMaterials/BaseFlattenNormalMap.uexp" 194
"../../../Engine/Content/EngineMaterials/BaseFlattenGrayscaleMap.uasset" 195
"../../../Engine/Content/EngineMaterials/BaseFlattenGrayscaleMap.uexp" 196
"../../../Engine/Content/EngineMaterials/BaseFlattenEmissiveMap.uasset" 197
"../../../Engine/Content/EngineMaterials/BaseFlattenEmissiveMap.uexp" 198
"../../../Engine/Content/EngineMaterials/BaseFlattenDiffuseMap.uasset" 199
"../../../Engine/Content/EngineMaterials/BaseFlattenDiffuseMap.uexp" 200
"../../../Engine/Content/EngineMaterials/BaseFlattenMaterial.uasset" 201
"../../../Engine/Content/EngineMaterials/BaseFlattenMaterial.uexp" 202
"../../../Engine/Content/EngineMaterials/BlueNoise.uasset" 203
"../../../Engine/Content/EngineMaterials/BlueNoise.uexp" 204
"../../../Engine/Content/EngineMaterials/DefaultBloomKernel.uasset" 205
"../../../Engine/Content/EngineMaterials/DefaultBloomKernel.uexp" 206
"../../../Engine/Content/EngineMaterials/DefaultBokeh.uasset" 207
"../../../Engine/Content/EngineMaterials/DefaultBokeh.uexp" 208
"../../../Engine/Content/EngineMaterials/DefaultDiffuse.uasset" 209
"../../../Engine/Content/EngineMaterials/DefaultDiffuse.uexp" 210
"../../../Engine/Content/EngineMaterials/DefaultDiffuse.ubulk" 211
"../../../Engine/Content/EngineMaterials/DefaultDeferredDecalMaterial.uasset" 212
"../../../Engine/Content/EngineMaterials/DefaultDeferredDecalMaterial.uexp" 213
"../../../Engine/Content/EngineMaterials/DefaultLightFunctionMaterial.uasset" 214
"../../../Engine/Content/EngineMaterials/DefaultLightFunctionMaterial.uexp" 215
"../../../Engine/Content/EngineMaterials/DefaultPhysicalMaterial.uasset" 216
"../../../Engine/Content/EngineMaterials/DefaultPhysicalMaterial.uexp" 217
"../../../Engine/Content/EngineMaterials/DefaultPostProcessMaterial.uasset" 218
"../../../Engine/Content/EngineMaterials/DefaultPostProcessMaterial.uexp" 219
"../../../Engine/Content/EngineFonts/RobotoDistanceField.uasset" 220
"../../../Engine/Content/EngineFonts/RobotoDistanceField.uexp" 221
"../../../Engine/Content/EngineMaterials/DefaultTextMaterialOpaque.uasset" 222
"../../../Engine/Content/EngineMaterials/DefaultTextMaterialOpaque.uexp" 223
"../../../Engine/Content/EngineMaterials/DefaultWhiteGrid.uasset" 224
"../../../Engine/Content/EngineMaterials/DefaultWhiteGrid.uexp" 225
"../../../Engine/Content/EngineMaterials/DefaultWhiteGrid.ubulk" 226
"../../../Engine/Content/EngineMaterials/DefaultWhiteGrid_Low.uasset" 227
"../../../Engine/Content/EngineMaterials/DefaultWhiteGrid_Low.uexp" 228
"../../../Engine/Content/EngineMaterials/EmissiveMeshMaterial.uasset" 229
"../../../Engine/Content/EngineMaterials/EmissiveMeshMaterial.uexp" 230
"../../../Engine/Content/EngineMaterials/GizmoMaterial.uasset" 231
"../../../Engine/Content/EngineMaterials/GizmoMaterial.uexp" 232
"../../../Engine/Content/EngineMaterials/Good64x64TilingNoiseHighFreq.uasset" 233
"../../../Engine/Content/EngineMaterials/Good64x64TilingNoiseHighFreq.uexp" 234
"../../../Engine/Content/EngineMaterials/MiniFont.uasset" 235
"../../../Engine/Content/EngineMaterials/MiniFont.uexp" 236
"../../../Engine/Content/EngineMaterials/InvalidLightmapSettings.uasset" 237
"../../../Engine/Content/EngineMaterials/InvalidLightmapSettings.uexp" 238
"../../../Engine/Content/EngineMaterials/InvalidLightmapSettings.ubulk" 239
"../../../Engine/Content/EngineMaterials/M_InvalidLightmapSettings.uasset" 240
"../../../Engine/Content/EngineMaterials/M_InvalidLightmapSettings.uexp" 241
"../../../Engine/Content/Functions/Engine_MaterialFunctions02/WorldPositionOffset/CameraOffset.uasset" 242
"../../../Engine/Content/Functions/Engine_MaterialFunctions02/WorldPositionOffset/CameraOffset.uexp" 243
"../../../Engine/Content/EngineMaterials/PhAT_JointLimitMaterial.uasset" 244
"../../../Engine/Content/EngineMaterials/PhAT_JointLimitMaterial.uexp" 245
"../../../Engine/Content/EngineMaterials/DefaultCalibrationColor.uasset" 246
"../../../Engine/Content/EngineMaterials/DefaultCalibrationColor.uexp" 247
"../../../Engine/Content/EngineMaterials/PPM_DefaultCalibrationColor.uasset" 248
"../../../Engine/Content/EngineMaterials/PPM_DefaultCalibrationColor.uexp" 249
"../../../Engine/Content/EngineMaterials/DefaultCalibrationGrayscale.uasset" 250
"../../../Engine/Content/EngineMaterials/DefaultCalibrationGrayscale.uexp" 251
"../../../Engine/Content/EngineMaterials/PPM_DefaultCalibrationGrayscale.uasset" 252
"../../../Engine/Content/EngineMaterials/PPM_DefaultCalibrationGrayscale.uexp" 253
"../../../Engine/Content/EngineMaterials/PreintegratedSkinBRDF.uasset" 254
"../../../Engine/Content/EngineMaterials/PreintegratedSkinBRDF.uexp" 255
"../../../Engine/Content/EngineMaterials/RemoveSurfaceMaterial.uasset" 256
"../../../Engine/Content/EngineMaterials/RemoveSurfaceMaterial.uexp" 257
"../../../Engine/Content/EngineMaterials/WeightMapPlaceholderTexture.uasset" 258
"../../../Engine/Content/EngineMaterials/WeightMapPlaceholderTexture.uexp" 259
"../../../Engine/Content/EngineResources/WhiteSquareTexture.uasset" 260
"../../../Engine/Content/EngineResources/WhiteSquareTexture.uexp" 261
"../../../Engine/Content/EngineMaterials/Widget3DPassThrough.uasset" 262
"../../../Engine/Content/EngineMaterials/Widget3DPassThrough.uexp" 263
"../../../Engine/Content/EngineMaterials/Widget3DPassThrough_Masked.uasset" 264
"../../../Engine/Content/EngineMaterials/Widget3DPassThrough_Masked.uexp" 265
"../../../Engine/Content/EngineMaterials/Widget3DPassThrough_Opaque.uasset" 266
"../../../Engine/Content/EngineMaterials/Widget3DPassThrough_Opaque.uexp" 267
"../../../Engine/Content/EngineMaterials/Widget3DPassThrough_Masked_OneSided.uasset" 268
"../../../Engine/Content/EngineMaterials/Widget3DPassThrough_Masked_OneSided.uexp" 269
"../../../Engine/Content/EngineMaterials/Widget3DPassThrough_Opaque_OneSided.uasset" 270
"../../../Engine/Content/EngineMaterials/Widget3DPassThrough_Opaque_OneSided.uexp" 271
"../../../Engine/Content/EngineMeshes/Cylinder.uasset" 272
"../../../Engine/Content/EngineMeshes/Cylinder.uexp" 273
"../../../Engine/Content/EngineMeshes/Sphere.uasset" 274
"../../../Engine/Content/EngineMeshes/Sphere.uexp" 275
"../../../Engine/Content/EngineResources/DefaultTexture.uasset" 276
"../../../Engine/Content/EngineResources/DefaultTexture.uexp" 277
"../../../Engine/Content/EngineResources/DefaultTexture.ubulk" 278
"../../../Engine/Content/EngineResources/DefaultTextureCube.uasset" 279
"../../../Engine/Content/EngineResources/DefaultTextureCube.uexp" 280
"../../../Engine/Content/EngineResources/DefaultVolumeTexture2D.uasset" 281
"../../../Engine/Content/EngineResources/DefaultVolumeTexture2D.uexp" 282
"../../../Engine/Content/EngineResources/DefaultVolumeTexture.uasset" 283
"../../../Engine/Content/EngineResources/DefaultVolumeTexture.uexp" 284
"../../../Engine/Content/EngineResources/GradientTexture0.uasset" 285
"../../../Engine/Content/EngineResources/GradientTexture0.uexp" 286
"../../../Engine/Content/EngineSky/VolumetricClouds/T_NoiseShape64.uasset" 287
"../../../Engine/Content/EngineSky/VolumetricClouds/T_NoiseShape64.uexp" 288
"../../../Engine/Content/EngineSky/VolumetricClouds/T_NoiseShape64.ubulk" 289
"../../../Engine/Content/EngineSky/VolumetricClouds/T_VolumeNoiseShape64.uasset" 290
"../../../Engine/Content/EngineSky/VolumetricClouds/T_VolumeNoiseShape64.uexp" 291
"../../../Engine/Content/EngineSky/VolumetricClouds/T_NoiseErosion.uasset" 292
"../../../Engine/Content/EngineSky/VolumetricClouds/T_NoiseErosion.uexp" 293
"../../../Engine/Content/EngineSky/VolumetricClouds/T_NoiseErosion.ubulk" 294
"../../../Engine/Content/EngineSky/VolumetricClouds/T_VolumeNoiseErosion32.uasset" 295
"../../../Engine/Content/EngineSky/VolumetricClouds/T_VolumeNoiseErosion32.uexp" 296
"../../../Engine/Content/EngineSky/VolumetricClouds/CloudWeatherTexture.uasset" 297
"../../../Engine/Content/EngineSky/VolumetricClouds/CloudWeatherTexture.uexp" 298
"../../../Engine/Content/EngineSky/VolumetricClouds/CloudGradientTexture.uasset" 299
"../../../Engine/Content/EngineSky/VolumetricClouds/CloudGradientTexture.uexp" 300
"../../../Engine/Content/EngineSky/VolumetricClouds/m_SimpleVolumetricCloud.uasset" 301
"../../../Engine/Content/EngineSky/VolumetricClouds/m_SimpleVolumetricCloud.uexp" 302
"../../../Engine/Content/EngineSky/VolumetricClouds/m_SimpleVolumetricCloud_Inst.uasset" 303
"../../../Engine/Content/EngineSky/VolumetricClouds/m_SimpleVolumetricCloud_Inst.uexp" 304
"../../../Engine/Content/EngineSounds/Master.uasset" 305
"../../../Engine/Content/EngineSounds/Master.uexp" 306
"../../../Engine/Content/Functions/Engine_MaterialFunctions01/Shading/PowerToRoughness.uasset" 307
"../../../Engine/Content/Functions/Engine_MaterialFunctions01/Shading/PowerToRoughness.uexp" 308
"../../../Engine/Content/Maps/Templates/Thumbnails/Default.uasset" 309
"../../../Engine/Content/Maps/Templates/Thumbnails/Default.uexp" 310
"../../../Engine/Content/Maps/Templates/Thumbnails/TimeOfDay.uasset" 311
"../../../Engine/Content/Maps/Templates/Thumbnails/TimeOfDay.uexp" 312
"../../../Engine/Content/Maps/Templates/Thumbnails/VR-Basic.uasset" 313
"../../../Engine/Content/Maps/Templates/Thumbnails/VR-Basic.uexp" 314
"../../../Engine/Content/MobileResources/T_MobileControls_texture.uasset" 315
"../../../Engine/Content/MobileResources/T_MobileControls_texture.uexp" 316
"../../../Engine/Content/MobileResources/T_MobileMenu2.uasset" 317
"../../../Engine/Content/MobileResources/T_MobileMenu2.uexp" 318
"../../../Engine/Content/MobileResources/HUD/AnalogHat.uasset" 319
"../../../Engine/Content/MobileResources/HUD/AnalogHat.uexp" 320
"../../../Engine/Content/MobileResources/HUD/VirtualJoystick_Thumb.uasset" 321
"../../../Engine/Content/MobileResources/HUD/VirtualJoystick_Thumb.uexp" 322
"../../../Engine/Content/MobileResources/HUD/VirtualJoystick_Background.uasset" 323
"../../../Engine/Content/MobileResources/HUD/VirtualJoystick_Background.uexp" 324
"../../../Engine/Content/MobileResources/HUD/DefaultVirtualJoysticks.uasset" 325
"../../../Engine/Content/MobileResources/HUD/DefaultVirtualJoysticks.uexp" 326
"../../../Engine/Content/MobileResources/HUD/LeftVirtualJoystickOnly.uasset" 327
"../../../Engine/Content/MobileResources/HUD/LeftVirtualJoystickOnly.uexp" 328
"../../../Engine/Content/MobileResources/HUD/MobileHUDButton1_off.uasset" 329
"../../../Engine/Content/MobileResources/HUD/MobileHUDButton1_off.uexp" 330
"../../../Engine/Content/MobileResources/HUD/MobileHUDButton1_on.uasset" 331
"../../../Engine/Content/MobileResources/HUD/MobileHUDButton1_on.uexp" 332
"../../../Engine/Content/MobileResources/HUD/MobileHUDButton2_off.uasset" 333
"../../../Engine/Content/MobileResources/HUD/MobileHUDButton2_off.uexp" 334
"../../../Engine/Content/MobileResources/HUD/MobileHUDButton2_on.uasset" 335
"../../../Engine/Content/MobileResources/HUD/MobileHUDButton2_on.uexp" 336
"../../../Engine/Content/MobileResources/HUD/MobileHUDButton3.uasset" 337
"../../../Engine/Content/MobileResources/HUD/MobileHUDButton3.uexp" 338
"../../../Engine/Content/MobileResources/HUD/MobileHUDButtonFire.uasset" 339
"../../../Engine/Content/MobileResources/HUD/MobileHUDButtonFire.uexp" 340
"../../../Engine/Content/MobileResources/HUD/MobileHUDDirectionPad.uasset" 341
"../../../Engine/Content/MobileResources/HUD/MobileHUDDirectionPad.uexp" 342
"../../../Engine/Content/MobileResources/HUD/MobileHUDDirectionPad2.uasset" 343
"../../../Engine/Content/MobileResources/HUD/MobileHUDDirectionPad2.uexp" 344
"../../../Engine/Content/MobileResources/HUD/MobileHUDDirectionPad3.uasset" 345
"../../../Engine/Content/MobileResources/HUD/MobileHUDDirectionPad3.uexp" 346
"../../../Engine/Content/MobileResources/HUD/MobileHUDDirectionStick.uasset" 347
"../../../Engine/Content/MobileResources/HUD/MobileHUDDirectionStick.uexp" 348
"../../../Engine/Content/MobileResources/HUD/T_Castle_ThumbstickInner.uasset" 349
"../../../Engine/Content/MobileResources/HUD/T_Castle_ThumbstickInner.uexp" 350
"../../../Engine/Content/MobileResources/HUD/T_Castle_ThumbstickOutter.uasset" 351
"../../../Engine/Content/MobileResources/HUD/T_Castle_ThumbstickOutter.uexp" 352
"../../../Engine/Content/Tutorial/ContentIntroCurve.uasset" 353
"../../../Engine/Content/Tutorial/ContentIntroCurve.uexp" 354
"../../../Engine/Content/Tutorial/Basics/TutorialAssets/icon_tab_Levels_40x.uasset" 355
"../../../Engine/Content/Tutorial/Basics/TutorialAssets/icon_tab_Levels_40x.uexp" 356
"../../../Engine/Content/Tutorial/BlueprintTutorials/TutorialAssets/Blueprint_64x.uasset" 357
"../../../Engine/Content/Tutorial/BlueprintTutorials/TutorialAssets/Blueprint_64x.uexp" 358
"../../../Engine/Content/Tutorial/SubEditors/TutorialAssets/TutorialMaterial.uasset" 359
"../../../Engine/Content/Tutorial/SubEditors/TutorialAssets/TutorialMaterial.uexp" 360
"../../../Engine/Content/VREditor/TransformGizmo/TranslucentTransformGizmoMaterial.uasset" 361
"../../../Engine/Content/VREditor/TransformGizmo/TranslucentTransformGizmoMaterial.uexp" 362
"../../../Engine/Content/VREditor/LaserPointer/VR_LaserPower_01.uasset" 363
"../../../Engine/Content/VREditor/LaserPointer/VR_LaserPower_01.uexp" 364
"../../../Engine/Content/VREditor/LaserPointer/VR_LaserPower_01.ubulk" 365
"../../../Engine/Content/VREditor/TransformGizmo/TransformGizmoMaterial.uasset" 366
"../../../Engine/Content/VREditor/TransformGizmo/TransformGizmoMaterial.uexp" 367
"../../../Engine/Content/VREditor/TransformGizmo/BoundingBoxCorner.uasset" 368
"../../../Engine/Content/VREditor/TransformGizmo/BoundingBoxCorner.uexp" 369
"../../../Engine/Content/VREditor/TransformGizmo/BoundingBoxEdge.uasset" 370
"../../../Engine/Content/VREditor/TransformGizmo/BoundingBoxEdge.uexp" 371
"../../../Engine/Content/VREditor/TransformGizmo/PlaneTranslationHandle.uasset" 372
"../../../Engine/Content/VREditor/TransformGizmo/PlaneTranslationHandle.uexp" 373
"../../../Engine/Content/VREditor/TransformGizmo/Xray.uasset" 374
"../../../Engine/Content/VREditor/TransformGizmo/Xray.uexp" 375
"../../../Engine/Content/VREditor/TransformGizmo/Main.uasset" 376
"../../../Engine/Content/VREditor/TransformGizmo/Main.uexp" 377
"../../../Engine/Content/VREditor/TransformGizmo/SM_Sequencer_Key.uasset" 378
"../../../Engine/Content/VREditor/TransformGizmo/SM_Sequencer_Key.uexp" 379
"../../../Engine/Content/VREditor/TransformGizmo/SM_Sequencer_Node.uasset" 380
"../../../Engine/Content/VREditor/TransformGizmo/SM_Sequencer_Node.uexp" 381
"../../../Engine/Plugins/2D/Paper2D/Content/PlaceholderTextures/DummySpriteTexture.uasset" 382
"../../../Engine/Plugins/2D/Paper2D/Content/PlaceholderTextures/DummySpriteTexture.uexp" 383
"../../../Engine/Plugins/2D/Paper2D/Content/PlaceholderTextures/DummySpriteTexture.ubulk" 384
"../../../Engine/Plugins/2D/Paper2D/Content/DummySprite.uasset" 385
"../../../Engine/Plugins/2D/Paper2D/Content/DummySprite.uexp" 386
"../../../Engine/Plugins/2D/Paper2D/Content/DefaultPaperTerrainMaterial.uasset" 387
"../../../Engine/Plugins/2D/Paper2D/Content/DefaultPaperTerrainMaterial.uexp" 388
"../../../Engine/Plugins/2D/Paper2D/Content/DefaultSpriteMaterial.uasset" 389
"../../../Engine/Plugins/2D/Paper2D/Content/DefaultSpriteMaterial.uexp" 390
"../../../Engine/Plugins/2D/Paper2D/Content/MaskedUnlitSpriteMaterial.uasset" 391
"../../../Engine/Plugins/2D/Paper2D/Content/MaskedUnlitSpriteMaterial.uexp" 392
"../../../Engine/Plugins/2D/Paper2D/Content/OpaqueUnlitSpriteMaterial.uasset" 393
"../../../Engine/Plugins/2D/Paper2D/Content/OpaqueUnlitSpriteMaterial.uexp" 394
"../../../Engine/Content/Functions/Engine_MaterialFunctions02/Utility/VectorLength.uasset" 395
"../../../Engine/Content/Functions/Engine_MaterialFunctions02/Utility/VectorLength.uexp" 396
"../../../Engine/Content/Functions/Engine_MaterialFunctions02/ObjectLocalBounds.uasset" 397
"../../../Engine/Content/Functions/Engine_MaterialFunctions02/ObjectLocalBounds.uexp" 398
"../../../Engine/Content/Functions/Engine_MaterialFunctions02/WorldPositionOffset/ObjectScale.uasset" 399
"../../../Engine/Content/Functions/Engine_MaterialFunctions02/WorldPositionOffset/ObjectScale.uexp" 400
"../../../Engine/Content/Functions/Engine_MaterialFunctions02/Utility/BreakOutFloat3Components.uasset" 401
"../../../Engine/Content/Functions/Engine_MaterialFunctions02/Utility/BreakOutFloat3Components.uexp" 402
"../../../Engine/Plugins/Editor/SpeedTreeImporter/Content/SpeedTree9/UnpackInteger3.uasset" 403
"../../../Engine/Plugins/Editor/SpeedTreeImporter/Content/SpeedTree9/UnpackInteger3.uexp" 404
"../../../Engine/Plugins/Editor/SpeedTreeImporter/Content/SpeedTree9/UnpackDirection.uasset" 405
"../../../Engine/Plugins/Editor/SpeedTreeImporter/Content/SpeedTree9/UnpackDirection.uexp" 406
"../../../Engine/Plugins/Editor/SpeedTreeImporter/Content/SpeedTree9/game_wind_noise.uasset" 407
"../../../Engine/Plugins/Editor/SpeedTreeImporter/Content/SpeedTree9/game_wind_noise.uexp" 408
"../../../Engine/Plugins/Editor/SpeedTreeImporter/Content/SpeedTree9/game_wind_noise.ubulk" 409
"../../../Engine/Content/Functions/Engine_MaterialFunctions02/SafeNormalize.uasset" 410
"../../../Engine/Content/Functions/Engine_MaterialFunctions02/SafeNormalize.uexp" 411
"../../../Engine/Plugins/Editor/SpeedTreeImporter/Content/SpeedTree9/SpeedTreeWindMotion.uasset" 412
"../../../Engine/Plugins/Editor/SpeedTreeImporter/Content/SpeedTree9/SpeedTreeWindMotion.uexp" 413
"../../../Engine/Plugins/Editor/SpeedTreeImporter/Content/SpeedTree9/SpeedTreeBranchMotion.uasset" 414
"../../../Engine/Plugins/Editor/SpeedTreeImporter/Content/SpeedTree9/SpeedTreeBranchMotion.uexp" 415
"../../../Engine/Content/Functions/Engine_MaterialFunctions02/UVs/BoundingBoxBased_0-1_UVW.uasset" 416
"../../../Engine/Content/Functions/Engine_MaterialFunctions02/UVs/BoundingBoxBased_0-1_UVW.uexp" 417
"../../../Engine/Plugins/Editor/SpeedTreeImporter/Content/SpeedTree9/SpeedTreeWind.uasset" 418
"../../../Engine/Plugins/Editor/SpeedTreeImporter/Content/SpeedTree9/SpeedTreeWind.uexp" 419
"../../../Engine/Plugins/Editor/SpeedTreeImporter/Content/SpeedTree9/SpeedTreeBillboard.uasset" 420
"../../../Engine/Plugins/Editor/SpeedTreeImporter/Content/SpeedTree9/SpeedTreeBillboard.uexp" 421
"../../../Engine/Plugins/Editor/SpeedTreeImporter/Content/SpeedTree9/EmptyNormal.uasset" 422
"../../../Engine/Plugins/Editor/SpeedTreeImporter/Content/SpeedTree9/EmptyNormal.uexp" 423
"../../../Engine/Plugins/Editor/SpeedTreeImporter/Content/SpeedTree9/Empty.uasset" 424
"../../../Engine/Plugins/Editor/SpeedTreeImporter/Content/SpeedTree9/Empty.uexp" 425
"../../../Engine/Plugins/Editor/SpeedTreeImporter/Content/SpeedTree9/SpeedTreeBillboardMaster.uasset" 426
"../../../Engine/Plugins/Editor/SpeedTreeImporter/Content/SpeedTree9/SpeedTreeBillboardMaster.uexp" 427
"../../../Engine/Plugins/Editor/SpeedTreeImporter/Content/SpeedTree9/SpeedTreeCameraFacing.uasset" 428
"../../../Engine/Plugins/Editor/SpeedTreeImporter/Content/SpeedTree9/SpeedTreeCameraFacing.uexp" 429
"../../../Engine/Plugins/Editor/SpeedTreeImporter/Content/SpeedTree9/SpeedTreeMaster.uasset" 430
"../../../Engine/Plugins/Editor/SpeedTreeImporter/Content/SpeedTree9/SpeedTreeMaster.uexp" 431
"../../../Engine/Content/ArtTools/RenderToTexture/Materials/Debug/M_Emissive_Color.uasset" 432
"../../../Engine/Content/ArtTools/RenderToTexture/Materials/Debug/M_Emissive_Color.uexp" 433
"../../../Engine/Content/BasicShapes/Cylinder.uasset" 434
"../../../Engine/Content/BasicShapes/Cylinder.uexp" 435
"../../../Engine/Plugins/Lumin/MagicLeapPassableWorld/Content/MagicLeapARPinInfoActor.uasset" 436
"../../../Engine/Plugins/Lumin/MagicLeapPassableWorld/Content/MagicLeapARPinInfoActor.uexp" 437
"../../../Engine/Plugins/Runtime/OpenXR/Content/Devices/GoogleDaydream/MRTexture.uasset" 438
"../../../Engine/Plugins/Runtime/OpenXR/Content/Devices/GoogleDaydream/MRTexture.uexp" 439
"../../../Engine/Plugins/Runtime/OpenXR/Content/Devices/GoogleDaydream/MRTexture.ubulk" 440
"../../../Engine/Plugins/Runtime/OpenXR/Content/Devices/GoogleDaydream/BaseTexture.uasset" 441
"../../../Engine/Plugins/Runtime/OpenXR/Content/Devices/GoogleDaydream/BaseTexture.uexp" 442
"../../../Engine/Plugins/Runtime/OpenXR/Content/Devices/GoogleDaydream/BaseTexture.ubulk" 443
"../../../Engine/Content/EngineResources/Black.uasset" 444
"../../../Engine/Content/EngineResources/Black.uexp" 445
"../../../Engine/Plugins/Runtime/OpenXR/Content/Devices/M_XRController.uasset" 446
"../../../Engine/Plugins/Runtime/OpenXR/Content/Devices/M_XRController.uexp" 447
"../../../Engine/Plugins/Runtime/OpenXR/Content/Devices/GoogleDaydream/MI_GoogleDaydream.uasset" 448
"../../../Engine/Plugins/Runtime/OpenXR/Content/Devices/GoogleDaydream/MI_GoogleDaydream.uexp" 449
"../../../Engine/Plugins/Runtime/OpenXR/Content/Devices/GoogleDaydream/GoogleDaydreamController.uasset" 450
"../../../Engine/Plugins/Runtime/OpenXR/Content/Devices/GoogleDaydream/GoogleDaydreamController.uexp" 451
"../../../Engine/Plugins/Runtime/OpenXR/Content/Devices/HTCVive/BaseTexture.uasset" 452
"../../../Engine/Plugins/Runtime/OpenXR/Content/Devices/HTCVive/BaseTexture.uexp" 453
"../../../Engine/Plugins/Runtime/OpenXR/Content/Devices/HTCVive/BaseTexture.ubulk" 454
"../../../Engine/Plugins/Runtime/OpenXR/Content/Devices/HTCVive/MI_HTCVive.uasset" 455
"../../../Engine/Plugins/Runtime/OpenXR/Content/Devices/HTCVive/MI_HTCVive.uexp" 456
"../../../Engine/Plugins/Runtime/OpenXR/Content/Devices/HTCVive/HTCViveController.uasset" 457
"../../../Engine/Plugins/Runtime/OpenXR/Content/Devices/HTCVive/HTCViveController.uexp" 458
"../../../Engine/Plugins/Runtime/OpenXR/Content/Devices/MicrosoftMixedReality/NormalTexture.uasset" 459
"../../../Engine/Plugins/Runtime/OpenXR/Content/Devices/MicrosoftMixedReality/NormalTexture.uexp" 460
"../../../Engine/Plugins/Runtime/OpenXR/Content/Devices/MicrosoftMixedReality/NormalTexture.ubulk" 461
"../../../Engine/Plugins/Runtime/OpenXR/Content/Devices/MicrosoftMixedReality/MRTexture.uasset" 462
"../../../Engine/Plugins/Runtime/OpenXR/Content/Devices/MicrosoftMixedReality/MRTexture.uexp" 463
"../../../Engine/Plugins/Runtime/OpenXR/Content/Devices/MicrosoftMixedReality/MRTexture.ubulk" 464
"../../../Engine/Plugins/Runtime/OpenXR/Content/Devices/MicrosoftMixedReality/EmissiveTexture.uasset" 465
"../../../Engine/Plugins/Runtime/OpenXR/Content/Devices/MicrosoftMixedReality/EmissiveTexture.uexp" 466
"../../../Engine/Plugins/Runtime/OpenXR/Content/Devices/MicrosoftMixedReality/EmissiveTexture.ubulk" 467
"../../../Engine/Plugins/Runtime/OpenXR/Content/Devices/MicrosoftMixedReality/BaseTexture.uasset" 468
"../../../Engine/Plugins/Runtime/OpenXR/Content/Devices/MicrosoftMixedReality/BaseTexture.uexp" 469
"../../../Engine/Plugins/Runtime/OpenXR/Content/Devices/MicrosoftMixedReality/BaseTexture.ubulk" 470
"../../../Engine/Plugins/Runtime/OpenXR/Content/Devices/MicrosoftMixedReality/MI_MicrosoftMixedReality.uasset" 471
"../../../Engine/Plugins/Runtime/OpenXR/Content/Devices/MicrosoftMixedReality/MI_MicrosoftMixedReality.uexp" 472
"../../../Engine/Plugins/Runtime/OpenXR/Content/Devices/MicrosoftMixedReality/Left/left_MicrosoftMixedRealityController.uasset" 473
"../../../Engine/Plugins/Runtime/OpenXR/Content/Devices/MicrosoftMixedReality/Left/left_MicrosoftMixedRealityController.uexp" 474
"../../../Engine/Plugins/Runtime/OpenXR/Content/Devices/MicrosoftMixedReality/Right/right_MicrosoftMixedRealityController.uasset" 475
"../../../Engine/Plugins/Runtime/OpenXR/Content/Devices/MicrosoftMixedReality/Right/right_MicrosoftMixedRealityController.uexp" 476
"../../../Engine/Plugins/Runtime/OpenXR/Content/Devices/OculusGo/BaseTexture.uasset" 477
"../../../Engine/Plugins/Runtime/OpenXR/Content/Devices/OculusGo/BaseTexture.uexp" 478
"../../../Engine/Plugins/Runtime/OpenXR/Content/Devices/OculusGo/BaseTexture.ubulk" 479
"../../../Engine/Plugins/Runtime/OpenXR/Content/Devices/OculusGo/MI_OculusGo.uasset" 480
"../../../Engine/Plugins/Runtime/OpenXR/Content/Devices/OculusGo/MI_OculusGo.uexp" 481
"../../../Engine/Plugins/Runtime/OpenXR/Content/Devices/OculusGo/OculusGoController.uasset" 482
"../../../Engine/Plugins/Runtime/OpenXR/Content/Devices/OculusGo/OculusGoController.uexp" 483
"../../../Engine/Plugins/Runtime/OpenXR/Content/Devices/OculusTouch/MRTexture.uasset" 484
"../../../Engine/Plugins/Runtime/OpenXR/Content/Devices/OculusTouch/MRTexture.uexp" 485
"../../../Engine/Plugins/Runtime/OpenXR/Content/Devices/OculusTouch/MRTexture.ubulk" 486
"../../../Engine/Plugins/Runtime/OpenXR/Content/Devices/OculusTouch/BaseTexture.uasset" 487
"../../../Engine/Plugins/Runtime/OpenXR/Content/Devices/OculusTouch/BaseTexture.uexp" 488
"../../../Engine/Plugins/Runtime/OpenXR/Content/Devices/OculusTouch/BaseTexture.ubulk" 489
"../../../Engine/Plugins/Runtime/OpenXR/Content/Devices/OculusTouch/MI_OculusTouch.uasset" 490
"../../../Engine/Plugins/Runtime/OpenXR/Content/Devices/OculusTouch/MI_OculusTouch.uexp" 491
"../../../Engine/Plugins/Runtime/OpenXR/Content/Devices/OculusTouch/Left/left_OculusTouchController.uasset" 492
"../../../Engine/Plugins/Runtime/OpenXR/Content/Devices/OculusTouch/Left/left_OculusTouchController.uexp" 493
"../../../Engine/Plugins/Runtime/OpenXR/Content/Devices/OculusTouch/Right/right_OculusTouchController.uasset" 494
"../../../Engine/Plugins/Runtime/OpenXR/Content/Devices/OculusTouch/Right/right_OculusTouchController.uexp" 495
"../../../Engine/Plugins/Runtime/OpenXR/Content/Devices/OculusTouch_v2/MRTexture.uasset" 496
"../../../Engine/Plugins/Runtime/OpenXR/Content/Devices/OculusTouch_v2/MRTexture.uexp" 497
"../../../Engine/Plugins/Runtime/OpenXR/Content/Devices/OculusTouch_v2/MRTexture.ubulk" 498
"../../../Engine/Plugins/Runtime/OpenXR/Content/Devices/OculusTouch_v2/BaseTexture.uasset" 499
"../../../Engine/Plugins/Runtime/OpenXR/Content/Devices/OculusTouch_v2/BaseTexture.uexp" 500
"../../../Engine/Plugins/Runtime/OpenXR/Content/Devices/OculusTouch_v2/BaseTexture.ubulk" 501
"../../../Engine/Plugins/Runtime/OpenXR/Content/Devices/OculusTouch_v2/MI_OculusTouch_v2.uasset" 502
"../../../Engine/Plugins/Runtime/OpenXR/Content/Devices/OculusTouch_v2/MI_OculusTouch_v2.uexp" 503
"../../../Engine/Plugins/Runtime/OpenXR/Content/Devices/OculusTouch_v2/Left/left_OculusTouch_v2Controller.uasset" 504
"../../../Engine/Plugins/Runtime/OpenXR/Content/Devices/OculusTouch_v2/Left/left_OculusTouch_v2Controller.uexp" 505
"../../../Engine/Plugins/Runtime/OpenXR/Content/Devices/OculusTouch_v2/Right/right_OculusTouch_v2Controller.uasset" 506
"../../../Engine/Plugins/Runtime/OpenXR/Content/Devices/OculusTouch_v2/Right/right_OculusTouch_v2Controller.uexp" 507
"../../../Engine/Plugins/Runtime/OpenXR/Content/Devices/OculusTouch_v3/MRTexture.uasset" 508
"../../../Engine/Plugins/Runtime/OpenXR/Content/Devices/OculusTouch_v3/MRTexture.uexp" 509
"../../../Engine/Plugins/Runtime/OpenXR/Content/Devices/OculusTouch_v3/MRTexture.ubulk" 510
"../../../Engine/Plugins/Runtime/OpenXR/Content/Devices/OculusTouch_v3/BaseTexture.uasset" 511
"../../../Engine/Plugins/Runtime/OpenXR/Content/Devices/OculusTouch_v3/BaseTexture.uexp" 512
"../../../Engine/Plugins/Runtime/OpenXR/Content/Devices/OculusTouch_v3/BaseTexture.ubulk" 513
"../../../Engine/Plugins/Runtime/OpenXR/Content/Devices/OculusTouch_v3/MI_OculusTouch_v3.uasset" 514
"../../../Engine/Plugins/Runtime/OpenXR/Content/Devices/OculusTouch_v3/MI_OculusTouch_v3.uexp" 515
"../../../Engine/Plugins/Runtime/OpenXR/Content/Devices/OculusTouch_v3/Left/left_OculusTouch_v3Controller.uasset" 516
"../../../Engine/Plugins/Runtime/OpenXR/Content/Devices/OculusTouch_v3/Left/left_OculusTouch_v3Controller.uexp" 517
"../../../Engine/Plugins/Runtime/OpenXR/Content/Devices/OculusTouch_v3/Right/right_OculusTouch_v3Controller.uasset" 518
"../../../Engine/Plugins/Runtime/OpenXR/Content/Devices/OculusTouch_v3/Right/right_OculusTouch_v3Controller.uexp" 519
"../../../Engine/Plugins/Runtime/OpenXR/Content/Devices/ValveIndex/Left/left_MRTexture.uasset" 520
"../../../Engine/Plugins/Runtime/OpenXR/Content/Devices/ValveIndex/Left/left_MRTexture.uexp" 521
"../../../Engine/Plugins/Runtime/OpenXR/Content/Devices/ValveIndex/Left/left_MRTexture.ubulk" 522
"../../../Engine/Plugins/Runtime/OpenXR/Content/Devices/ValveIndex/Left/left_BaseTexture.uasset" 523
"../../../Engine/Plugins/Runtime/OpenXR/Content/Devices/ValveIndex/Left/left_BaseTexture.uexp" 524
"../../../Engine/Plugins/Runtime/OpenXR/Content/Devices/ValveIndex/Left/left_BaseTexture.ubulk" 525
"../../../Engine/Plugins/Runtime/OpenXR/Content/Devices/ValveIndex/Left/MI_left_ValveIndex.uasset" 526
"../../../Engine/Plugins/Runtime/OpenXR/Content/Devices/ValveIndex/Left/MI_left_ValveIndex.uexp" 527
"../../../Engine/Plugins/Runtime/OpenXR/Content/Devices/ValveIndex/Left/left_ValveIndexController.uasset" 528
"../../../Engine/Plugins/Runtime/OpenXR/Content/Devices/ValveIndex/Left/left_ValveIndexController.uexp" 529
"../../../Engine/Plugins/Runtime/OpenXR/Content/Devices/ValveIndex/Right/right_MRTexture.uasset" 530
"../../../Engine/Plugins/Runtime/OpenXR/Content/Devices/ValveIndex/Right/right_MRTexture.uexp" 531
"../../../Engine/Plugins/Runtime/OpenXR/Content/Devices/ValveIndex/Right/right_MRTexture.ubulk" 532
"../../../Engine/Plugins/Runtime/OpenXR/Content/Devices/ValveIndex/Right/right_BaseTexture.uasset" 533
"../../../Engine/Plugins/Runtime/OpenXR/Content/Devices/ValveIndex/Right/right_BaseTexture.uexp" 534
"../../../Engine/Plugins/Runtime/OpenXR/Content/Devices/ValveIndex/Right/right_BaseTexture.ubulk" 535
"../../../Engine/Plugins/Runtime/OpenXR/Content/Devices/ValveIndex/Right/MI_right_ValveIndex.uasset" 536
"../../../Engine/Plugins/Runtime/OpenXR/Content/Devices/ValveIndex/Right/MI_right_ValveIndex.uexp" 537
"../../../Engine/Plugins/Runtime/OpenXR/Content/Devices/ValveIndex/Right/right_ValveIndexController.uasset" 538
"../../../Engine/Plugins/Runtime/OpenXR/Content/Devices/ValveIndex/Right/right_ValveIndexController.uexp" 539
"../../../Engine/Content/Functions/Engine_MaterialFunctions02/Utility/BreakOutFloat4Components.uasset" 540
"../../../Engine/Content/Functions/Engine_MaterialFunctions02/Utility/BreakOutFloat4Components.uexp" 541
"../../../Engine/Plugins/Runtime/Oculus/OculusVR/Content/Materials/OculusMR_ChromaKey.uasset" 542
"../../../Engine/Plugins/Runtime/Oculus/OculusVR/Content/Materials/OculusMR_ChromaKey.uexp" 543
"../../../Engine/Plugins/Runtime/Oculus/OculusVR/Content/Materials/OculusMR_OpaqueColoredMaterial.uasset" 544
"../../../Engine/Plugins/Runtime/Oculus/OculusVR/Content/Materials/OculusMR_OpaqueColoredMaterial.uexp" 545
"../../../Engine/Plugins/Runtime/Oculus/OculusVR/Content/Materials/PokeAHoleMaterial.uasset" 546
"../../../Engine/Plugins/Runtime/Oculus/OculusVR/Content/Materials/PokeAHoleMaterial.uexp" 547
"../../../Engine/Plugins/Runtime/Oculus/OculusVR/Content/Textures/touchController_controlmap.uasset" 548
"../../../Engine/Plugins/Runtime/Oculus/OculusVR/Content/Textures/touchController_controlmap.uexp" 549
"../../../Engine/Plugins/Runtime/Oculus/OculusVR/Content/Textures/touchController_controlmap.ubulk" 550
"../../../Engine/Plugins/Runtime/Oculus/OculusVR/Content/Textures/touchController_albedo.uasset" 551
"../../../Engine/Plugins/Runtime/Oculus/OculusVR/Content/Textures/touchController_albedo.uexp" 552
"../../../Engine/Plugins/Runtime/Oculus/OculusVR/Content/Textures/touchController_albedo.ubulk" 553
"../../../Engine/Plugins/Runtime/Oculus/OculusVR/Content/Materials/touchController_mat.uasset" 554
"../../../Engine/Plugins/Runtime/Oculus/OculusVR/Content/Materials/touchController_mat.uexp" 555
"../../../Engine/Plugins/Runtime/Oculus/OculusVR/Content/Meshes/LeftTouchController.uasset" 556
"../../../Engine/Plugins/Runtime/Oculus/OculusVR/Content/Meshes/LeftTouchController.uexp" 557
"../../../Engine/Plugins/Runtime/Oculus/OculusVR/Content/Textures/TouchForQuestRiftSController_albedo.uasset" 558
"../../../Engine/Plugins/Runtime/Oculus/OculusVR/Content/Textures/TouchForQuestRiftSController_albedo.uexp" 559
"../../../Engine/Plugins/Runtime/Oculus/OculusVR/Content/Textures/TouchForQuestRiftSController_albedo.ubulk" 560
"../../../Engine/Plugins/Runtime/Oculus/OculusVR/Content/Materials/TouchForQuestRiftSControllerMaterial.uasset" 561
"../../../Engine/Plugins/Runtime/Oculus/OculusVR/Content/Materials/TouchForQuestRiftSControllerMaterial.uexp" 562
"../../../Engine/Plugins/Runtime/Oculus/OculusVR/Content/Meshes/LeftTouchForQuestRiftSController.uasset" 563
"../../../Engine/Plugins/Runtime/Oculus/OculusVR/Content/Meshes/LeftTouchForQuestRiftSController.uexp" 564
"../../../Engine/Plugins/Runtime/Oculus/OculusVR/Content/Meshes/RiftHMD.uasset" 565
"../../../Engine/Plugins/Runtime/Oculus/OculusVR/Content/Meshes/RiftHMD.uexp" 566
"../../../Engine/Plugins/Runtime/Oculus/OculusVR/Content/Meshes/RightTouchController.uasset" 567
"../../../Engine/Plugins/Runtime/Oculus/OculusVR/Content/Meshes/RightTouchController.uexp" 568
"../../../Engine/Plugins/Runtime/Oculus/OculusVR/Content/Meshes/RightTouchForQuestRiftSController.uasset" 569
"../../../Engine/Plugins/Runtime/Oculus/OculusVR/Content/Meshes/RightTouchForQuestRiftSController.uexp" 570
"H:/GameDev/LD49/UnstMems/Content/Textures/MainMenu/T_SFX.uasset" 571
"H:/GameDev/LD49/UnstMems/Content/Textures/MainMenu/T_SFX.uexp" 572
"H:/GameDev/LD49/UnstMems/Content/Textures/MainMenu/T_Music.uasset" 573
"H:/GameDev/LD49/UnstMems/Content/Textures/MainMenu/T_Music.uexp" 574
"H:/GameDev/LD49/UnstMems/Content/Textures/MainMenu/T_MainMenuBG.uasset" 575
"H:/GameDev/LD49/UnstMems/Content/Textures/MainMenu/T_MainMenuBG.uexp" 576
"H:/GameDev/LD49/UnstMems/Content/Textures/MainMenu/T_MainMenu_Bottom.uasset" 577
"H:/GameDev/LD49/UnstMems/Content/Textures/MainMenu/T_MainMenu_Bottom.uexp" 578
"H:/GameDev/LD49/UnstMems/Content/Textures/MainMenu/ShardGlow.uasset" 579
"H:/GameDev/LD49/UnstMems/Content/Textures/MainMenu/ShardGlow.uexp" 580
"H:/GameDev/LD49/UnstMems/Content/Textures/MainMenu/QUIT.uasset" 581
"H:/GameDev/LD49/UnstMems/Content/Textures/MainMenu/QUIT.uexp" 582
"H:/GameDev/LD49/UnstMems/Content/Textures/MainMenu/Grab.uasset" 583
"H:/GameDev/LD49/UnstMems/Content/Textures/MainMenu/Grab.uexp" 584
"H:/GameDev/LD49/UnstMems/Content/UI/WBP_Notification.uasset" 585
"H:/GameDev/LD49/UnstMems/Content/UI/WBP_Notification.uexp" 586
"H:/GameDev/LD49/UnstMems/Content/UI/WBP_MainMenu.uasset" 587
"H:/GameDev/LD49/UnstMems/Content/UI/WBP_MainMenu.uexp" 588
"../../../Engine/Content/EditorBlueprintResources/StandardMacros.uasset" 589
"../../../Engine/Content/EditorBlueprintResources/StandardMacros.uexp" 590
"H:/GameDev/LD49/UnstMems/Content/Sounds/BGM_Chill.uasset" 591
"H:/GameDev/LD49/UnstMems/Content/Sounds/BGM_Chill.uexp" 592
"H:/GameDev/LD49/UnstMems/Content/Sounds/BGM_Chill_Cue.uasset" 593
"H:/GameDev/LD49/UnstMems/Content/Sounds/BGM_Chill_Cue.uexp" 594
"H:/GameDev/LD49/UnstMems/Content/CommandCenter/BP_MMCONT.uasset" 595
"H:/GameDev/LD49/UnstMems/Content/CommandCenter/BP_MMCONT.uexp" 596
"H:/GameDev/LD49/UnstMems/Content/CommandCenter/BP_MMPAWN.uasset" 597
"H:/GameDev/LD49/UnstMems/Content/CommandCenter/BP_MMPAWN.uexp" 598
"H:/GameDev/LD49/UnstMems/Content/CommandCenter/BP_MainMenu.uasset" 599
"H:/GameDev/LD49/UnstMems/Content/CommandCenter/BP_MainMenu.uexp" 600
"H:/GameDev/LD49/UnstMems/Content/Maps/MainMenu.uexp" 601
"H:/GameDev/LD49/UnstMems/Content/Maps/MainMenu.umap" 602
"H:/GameDev/LD49/UnstMems/Content/Mats/Inst_Wall.uasset" 603
"H:/GameDev/LD49/UnstMems/Content/Mats/Inst_Wall.uexp" 604
"H:/GameDev/LD49/UnstMems/Content/Meshes/SM_WALLS.uasset" 605
"H:/GameDev/LD49/UnstMems/Content/Meshes/SM_WALLS.uexp" 606
"H:/GameDev/LD49/UnstMems/Content/Mats/Inst_Wood.uasset" 607
"H:/GameDev/LD49/UnstMems/Content/Mats/Inst_Wood.uexp" 608
"H:/GameDev/LD49/UnstMems/Content/Meshes/SM_TableTop.uasset" 609
"H:/GameDev/LD49/UnstMems/Content/Meshes/SM_TableTop.uexp" 610
"H:/GameDev/LD49/UnstMems/Content/Meshes/SM_Table.uasset" 611
"H:/GameDev/LD49/UnstMems/Content/Meshes/SM_Table.uexp" 612
"H:/GameDev/LD49/UnstMems/Content/Mats/Inst_Floor.uasset" 613
"H:/GameDev/LD49/UnstMems/Content/Mats/Inst_Floor.uexp" 614
"H:/GameDev/LD49/UnstMems/Content/Meshes/SM_Stairs.uasset" 615
"H:/GameDev/LD49/UnstMems/Content/Meshes/SM_Stairs.uexp" 616
"H:/GameDev/LD49/UnstMems/Content/Mats/M_PitchBlack.uasset" 617
"H:/GameDev/LD49/UnstMems/Content/Mats/M_PitchBlack.uexp" 618
"H:/GameDev/LD49/UnstMems/Content/Meshes/SM_ManifestationBox.uasset" 619
"H:/GameDev/LD49/UnstMems/Content/Meshes/SM_ManifestationBox.uexp" 620
"H:/GameDev/LD49/UnstMems/Content/Mats/Inst_Plastic.uasset" 621
"H:/GameDev/LD49/UnstMems/Content/Mats/Inst_Plastic.uexp" 622
"H:/GameDev/LD49/UnstMems/Content/Meshes/SM_Machinery.uasset" 623
"H:/GameDev/LD49/UnstMems/Content/Meshes/SM_Machinery.uexp" 624
"H:/GameDev/LD49/UnstMems/Content/Maps/Concept_BuiltData.uasset" 625
"H:/GameDev/LD49/UnstMems/Content/Maps/Concept_BuiltData.uexp" 626
"H:/GameDev/LD49/UnstMems/Content/Maps/Concept_BuiltData.ubulk" 627
"H:/GameDev/LD49/UnstMems/Content/Mats/M_Manifests_UI.uasset" 628
"H:/GameDev/LD49/UnstMems/Content/Mats/M_Manifests_UI.uexp" 629
"H:/GameDev/LD49/UnstMems/Content/Mats/M_Manifests_UI_Inst.uasset" 630
"H:/GameDev/LD49/UnstMems/Content/Mats/M_Manifests_UI_Inst.uexp" 631
"H:/GameDev/LD49/UnstMems/Content/UI/WBP_Manifests.uasset" 632
"H:/GameDev/LD49/UnstMems/Content/UI/WBP_Manifests.uexp" 633
"H:/GameDev/LD49/UnstMems/Content/UI/WBP_Accounting.uasset" 634
"H:/GameDev/LD49/UnstMems/Content/UI/WBP_Accounting.uexp" 635
"../../../Engine/Plugins/2D/Paper2D/Content/PlaceholderTextures/FlatNormalMap.uasset" 636
"../../../Engine/Plugins/2D/Paper2D/Content/PlaceholderTextures/FlatNormalMap.uexp" 637
"../../../Engine/Plugins/2D/Paper2D/Content/DefaultLitSpriteMaterial.uasset" 638
"../../../Engine/Plugins/2D/Paper2D/Content/DefaultLitSpriteMaterial.uexp" 639
"../../../Engine/Plugins/2D/Paper2D/Content/MaskedLitSpriteMaterial.uasset" 640
"../../../Engine/Plugins/2D/Paper2D/Content/MaskedLitSpriteMaterial.uexp" 641
"H:/GameDev/LD49/UnstMems/Content/Textures/T_Kid.uasset" 642
"H:/GameDev/LD49/UnstMems/Content/Textures/T_Kid.uexp" 643
"H:/GameDev/LD49/UnstMems/Content/Textures/T_Kid_Sprite.uasset" 644
"H:/GameDev/LD49/UnstMems/Content/Textures/T_Kid_Sprite.uexp" 645
"H:/GameDev/LD49/UnstMems/Content/Textures/T_Famly.uasset" 646
"H:/GameDev/LD49/UnstMems/Content/Textures/T_Famly.uexp" 647
"H:/GameDev/LD49/UnstMems/Content/Textures/T_Famly_Sprite.uasset" 648
"H:/GameDev/LD49/UnstMems/Content/Textures/T_Famly_Sprite.uexp" 649
"H:/GameDev/LD49/UnstMems/Content/Textures/KidAlone.uasset" 650
"H:/GameDev/LD49/UnstMems/Content/Textures/KidAlone.uexp" 651
"H:/GameDev/LD49/UnstMems/Content/Textures/KidAlone_Sprite.uasset" 652
"H:/GameDev/LD49/UnstMems/Content/Textures/KidAlone_Sprite.uexp" 653
"H:/GameDev/LD49/UnstMems/Content/UI/WBP_OVERLOAD.uasset" 654
"H:/GameDev/LD49/UnstMems/Content/UI/WBP_OVERLOAD.uexp" 655
"H:/GameDev/LD49/UnstMems/Content/Textures/Scientist/T_UpperBody.uasset" 656
"H:/GameDev/LD49/UnstMems/Content/Textures/Scientist/T_UpperBody.uexp" 657
"H:/GameDev/LD49/UnstMems/Content/Textures/Scientist/T_UpperBody_Sprite.uasset" 658
"H:/GameDev/LD49/UnstMems/Content/Textures/Scientist/T_UpperBody_Sprite.uexp" 659
"H:/GameDev/LD49/UnstMems/Content/Textures/Scientist/T_Face.uasset" 660
"H:/GameDev/LD49/UnstMems/Content/Textures/Scientist/T_Face.uexp" 661
"H:/GameDev/LD49/UnstMems/Content/Textures/Scientist/T_Face_Sprite.uasset" 662
"H:/GameDev/LD49/UnstMems/Content/Textures/Scientist/T_Face_Sprite.uexp" 663
"H:/GameDev/LD49/UnstMems/Content/Textures/Scientist/T_Body.uasset" 664
"H:/GameDev/LD49/UnstMems/Content/Textures/Scientist/T_Body.uexp" 665
"H:/GameDev/LD49/UnstMems/Content/Textures/Scientist/T_Body_Sprite.uasset" 666
"H:/GameDev/LD49/UnstMems/Content/Textures/Scientist/T_Body_Sprite.uexp" 667
"H:/GameDev/LD49/UnstMems/Content/Actors/BP_Scientist.uasset" 668
"H:/GameDev/LD49/UnstMems/Content/Actors/BP_Scientist.uexp" 669
"H:/GameDev/LD49/UnstMems/Content/Sounds/SFX_Manifests.uasset" 670
"H:/GameDev/LD49/UnstMems/Content/Sounds/SFX_Manifests.uexp" 671
"H:/GameDev/LD49/UnstMems/Content/Sounds/SFX_Manifests_Cue.uasset" 672
"H:/GameDev/LD49/UnstMems/Content/Sounds/SFX_Manifests_Cue.uexp" 673
"H:/GameDev/LD49/UnstMems/Content/Textures/T_Love.uasset" 674
"H:/GameDev/LD49/UnstMems/Content/Textures/T_Love.uexp" 675
"H:/GameDev/LD49/UnstMems/Content/Textures/T_Love_Sprite.uasset" 676
"H:/GameDev/LD49/UnstMems/Content/Textures/T_Love_Sprite.uexp" 677
"H:/GameDev/LD49/UnstMems/Content/Actors/BP_Manifest.uasset" 678
"H:/GameDev/LD49/UnstMems/Content/Actors/BP_Manifest.uexp" 679
"H:/GameDev/LD49/UnstMems/Content/Textures/T_Full_PB.uasset" 680
"H:/GameDev/LD49/UnstMems/Content/Textures/T_Full_PB.uexp" 681
"H:/GameDev/LD49/UnstMems/Content/Textures/T_Empty_Bars_PB.uasset" 682
"H:/GameDev/LD49/UnstMems/Content/Textures/T_Empty_Bars_PB.uexp" 683
"H:/GameDev/LD49/UnstMems/Content/UI/WBP_LeverState.uasset" 684
"H:/GameDev/LD49/UnstMems/Content/UI/WBP_LeverState.uexp" 685
"H:/GameDev/LD49/UnstMems/Content/Meshes/LeverBase.uasset" 686
"H:/GameDev/LD49/UnstMems/Content/Meshes/LeverBase.uexp" 687
"H:/GameDev/LD49/UnstMems/Content/Meshes/LeverArm.uasset" 688
"H:/GameDev/LD49/UnstMems/Content/Meshes/LeverArm.uexp" 689
"H:/GameDev/LD49/UnstMems/Content/Actors/BP_Lever.uasset" 690
"H:/GameDev/LD49/UnstMems/Content/Actors/BP_Lever.uexp" 691
"H:/GameDev/LD49/UnstMems/Content/UI/WBP_TargetLevels.uasset" 692
"H:/GameDev/LD49/UnstMems/Content/UI/WBP_TargetLevels.uexp" 693
"H:/GameDev/LD49/UnstMems/Content/UI/WBP_CurrentLevels.uasset" 694
"H:/GameDev/LD49/UnstMems/Content/UI/WBP_CurrentLevels.uexp" 695
"H:/GameDev/LD49/UnstMems/Content/Mats/M_Glower.uasset" 696
"H:/GameDev/LD49/UnstMems/Content/Mats/M_Glower.uexp" 697
"H:/GameDev/LD49/UnstMems/Content/Mats/Inst_YellowLight.uasset" 698
"H:/GameDev/LD49/UnstMems/Content/Mats/Inst_YellowLight.uexp" 699
"H:/GameDev/LD49/UnstMems/Content/Mats/Inst_Copper.uasset" 700
"H:/GameDev/LD49/UnstMems/Content/Mats/Inst_Copper.uexp" 701
"H:/GameDev/LD49/UnstMems/Content/Mats/Inst_GreenLight.uasset" 702
"H:/GameDev/LD49/UnstMems/Content/Mats/Inst_GreenLight.uexp" 703
"H:/GameDev/LD49/UnstMems/Content/Mats/Inst_YellowScreen.uasset" 704
"H:/GameDev/LD49/UnstMems/Content/Mats/Inst_YellowScreen.uexp" 705
"H:/GameDev/LD49/UnstMems/Content/Mats/Inst_GreenScreen.uasset" 706
"H:/GameDev/LD49/UnstMems/Content/Mats/Inst_GreenScreen.uexp" 707
"H:/GameDev/LD49/UnstMems/Content/Mats/INST_DarkMetal.uasset" 708
"H:/GameDev/LD49/UnstMems/Content/Mats/INST_DarkMetal.uexp" 709
"H:/GameDev/LD49/UnstMems/Content/Meshes/SM_UI.uasset" 710
"H:/GameDev/LD49/UnstMems/Content/Meshes/SM_UI.uexp" 711
"H:/GameDev/LD49/UnstMems/Content/Mats/Inst_Metal.uasset" 712
"H:/GameDev/LD49/UnstMems/Content/Mats/Inst_Metal.uexp" 713
"H:/GameDev/LD49/UnstMems/Content/Meshes/Crank.uasset" 714
"H:/GameDev/LD49/UnstMems/Content/Meshes/Crank.uexp" 715
"../../../Engine/Content/EngineMaterials/Widget3DPassThrough_Translucent.uasset" 716
"../../../Engine/Content/EngineMaterials/Widget3DPassThrough_Translucent.uexp" 717
"../../../Engine/Content/EngineMaterials/Widget3DPassThrough_Translucent_OneSided.uasset" 718
"../../../Engine/Content/EngineMaterials/Widget3DPassThrough_Translucent_OneSided.uexp" 719
"H:/GameDev/LD49/UnstMems/Content/Actors/BP_Crank.uasset" 720
"H:/GameDev/LD49/UnstMems/Content/Actors/BP_Crank.uexp" 721
"H:/GameDev/LD49/UnstMems/Content/Meshes/SM_ORBUV.uasset" 722
"H:/GameDev/LD49/UnstMems/Content/Meshes/SM_ORBUV.uexp" 723
"H:/GameDev/LD49/UnstMems/Content/Actors/BP_ORB.uasset" 724
"H:/GameDev/LD49/UnstMems/Content/Actors/BP_ORB.uexp" 725
"H:/GameDev/LD49/UnstMems/Content/CommandCenter/BP_MyController.uasset" 726
"H:/GameDev/LD49/UnstMems/Content/CommandCenter/BP_MyController.uexp" 727
"H:/GameDev/LD49/UnstMems/Content/CommandCenter/BP_GMBase.uasset" 728
"H:/GameDev/LD49/UnstMems/Content/CommandCenter/BP_GMBase.uexp" 729
"H:/GameDev/LD49/UnstMems/Content/Mats/Inst_Brass.uasset" 730
"H:/GameDev/LD49/UnstMems/Content/Mats/Inst_Brass.uexp" 731
"H:/GameDev/LD49/UnstMems/Content/Meshes/SM_RadarLegMount.uasset" 732
"H:/GameDev/LD49/UnstMems/Content/Meshes/SM_RadarLegMount.uexp" 733
"H:/GameDev/LD49/UnstMems/Content/Mats/Inst_BrightMetal.uasset" 734
"H:/GameDev/LD49/UnstMems/Content/Mats/Inst_BrightMetal.uexp" 735
"H:/GameDev/LD49/UnstMems/Content/Meshes/SM_RadarLegFoot.uasset" 736
"H:/GameDev/LD49/UnstMems/Content/Meshes/SM_RadarLegFoot.uexp" 737
"H:/GameDev/LD49/UnstMems/Content/Meshes/SM_RadarLeg.uasset" 738
"H:/GameDev/LD49/UnstMems/Content/Meshes/SM_RadarLeg.uexp" 739
"H:/GameDev/LD49/UnstMems/Content/Meshes/SM_Radar.uasset" 740
"H:/GameDev/LD49/UnstMems/Content/Meshes/SM_Radar.uexp" 741
"H:/GameDev/LD49/UnstMems/Content/Actors/BP_RadarDish.uasset" 742
"H:/GameDev/LD49/UnstMems/Content/Actors/BP_RadarDish.uexp" 743
"H:/GameDev/LD49/UnstMems/Content/Actors/BP_Interactables_Placement.uasset" 744
"H:/GameDev/LD49/UnstMems/Content/Actors/BP_Interactables_Placement.uexp" 745
"H:/GameDev/LD49/UnstMems/Content/Meshes/SM_Rods.uasset" 746
"H:/GameDev/LD49/UnstMems/Content/Meshes/SM_Rods.uexp" 747
"H:/GameDev/LD49/UnstMems/Content/Meshes/SM_Frame.uasset" 748
"H:/GameDev/LD49/UnstMems/Content/Meshes/SM_Frame.uexp" 749
"H:/GameDev/LD49/UnstMems/Content/Actors/BP_Interactables_Frame.uasset" 750
"H:/GameDev/LD49/UnstMems/Content/Actors/BP_Interactables_Frame.uexp" 751
"H:/GameDev/LD49/UnstMems/Content/Actors/BP_Interactable_Startup.uasset" 752
"H:/GameDev/LD49/UnstMems/Content/Actors/BP_Interactable_Startup.uexp" 753
"H:/GameDev/LD49/UnstMems/Content/Maps/Concept.uexp" 754
"H:/GameDev/LD49/UnstMems/Content/Maps/Concept.umap" 755
"../../../Engine/Content/Maps/Entry_BuiltData.uasset" 756
"../../../Engine/Content/Maps/Entry_BuiltData.uexp" 757
"../../../Engine/Content/Maps/Entry.uexp" 758
"../../../Engine/Content/Maps/Entry.umap" 759
